[debug] [2026-03-18T22:55:46.060Z] ----------------------------------------------------------------------
[debug] [2026-03-18T22:55:46.075Z] Command:       /nix/store/ws50yvm6vzlzf7jzz6n7xh4szddrack1-nodejs-20.19.1/bin/node /home/user/.global_modules/bin/firebase projects:list
[debug] [2026-03-18T22:55:46.075Z] CLI Version:   14.24.0
[debug] [2026-03-18T22:55:46.075Z] Platform:      linux
[debug] [2026-03-18T22:55:46.075Z] Node Version:  v20.19.1
[debug] [2026-03-18T22:55:46.076Z] Time:          Wed Mar 18 2026 22:55:46 GMT+0000 (Coordinated Universal Time)
[debug] [2026-03-18T22:55:46.076Z] ----------------------------------------------------------------------
[debug] 
[debug] [2026-03-18T22:55:46.078Z] >>> [apiv2][query] GET https://firebase-public.firebaseio.com/cli.json [none]
[debug] [2026-03-18T22:55:46.713Z] Checked if tokens are valid: false, expires at: 1773252106714
[debug] [2026-03-18T22:55:46.714Z] Checked if tokens are valid: false, expires at: 1773252106714
[debug] [2026-03-18T22:55:46.714Z] > refreshing access token with scopes: []
[debug] [2026-03-18T22:55:46.716Z] >>> [apiv2][query] POST https://www.googleapis.com/oauth2/v3/token [none]
[debug] [2026-03-18T22:55:46.716Z] >>> [apiv2][body] POST https://www.googleapis.com/oauth2/v3/token [omitted]
[debug] [2026-03-18T22:55:46.850Z] <<< [apiv2][status] GET https://firebase-public.firebaseio.com/cli.json 200
[debug] [2026-03-18T22:55:46.851Z] <<< [apiv2][body] GET https://firebase-public.firebaseio.com/cli.json {"cloudBuildErrorAfter":1594252800000,"cloudBuildWarnAfter":1590019200000,"defaultNode10After":1594252800000,"minVersion":"3.0.5","node8DeploysDisabledAfter":1613390400000,"node8RuntimeDisabledAfter":1615809600000,"node8WarnAfter":1600128000000}
[debug] [2026-03-18T22:55:46.940Z] <<< [apiv2][status] POST https://www.googleapis.com/oauth2/v3/token 400
[debug] [2026-03-18T22:55:46.940Z] <<< [apiv2][body] POST https://www.googleapis.com/oauth2/v3/token [omitted]
[error] Authentication Error: Your credentials are no longer valid. Please run firebase login --reauth

For CI servers and headless environments, generate a new token with firebase login:ci
[error] Authentication Error: Your credentials are no longer valid. Please run firebase login --reauth

For CI servers and headless environments, generate a new token with firebase login:ci
[error] Failed to fetch Firebase Project from current Studio Workspace: Authentication Error: Your credentials are no longer valid. Please run firebase login --reauth

For CI servers and headless environments, generate a new token with firebase login:ci
[debug] [2026-03-18T22:55:46.951Z] > command requires scopes: ["email","openid","https://www.googleapis.com/auth/cloudplatformprojects.readonly","https://www.googleapis.com/auth/firebase","https://www.googleapis.com/auth/cloud-platform","https://www.googleapis.com/auth/userinfo.email"]
[debug] [2026-03-18T22:55:46.952Z] > authorizing via signed-in user (hola@biciregistro.mx)
[debug] [2026-03-18T22:55:46.960Z] Checked if tokens are valid: false, expires at: 1773252106714
[debug] [2026-03-18T22:55:46.960Z] Checked if tokens are valid: false, expires at: 1773252106714
[debug] [2026-03-18T22:55:46.960Z] > refreshing access token with scopes: []
[debug] [2026-03-18T22:55:46.963Z] >>> [apiv2][query] POST https://www.googleapis.com/oauth2/v3/token [none]
[debug] [2026-03-18T22:55:46.963Z] >>> [apiv2][body] POST https://www.googleapis.com/oauth2/v3/token [omitted]
[debug] [2026-03-18T22:55:46.999Z] <<< [apiv2][status] POST https://www.googleapis.com/oauth2/v3/token 400
[debug] [2026-03-18T22:55:47.000Z] <<< [apiv2][body] POST https://www.googleapis.com/oauth2/v3/token [omitted]
[error] Authentication Error: Your credentials are no longer valid. Please run firebase login --reauth

For CI servers and headless environments, generate a new token with firebase login:ci
[error] Authentication Error: Your credentials are no longer valid. Please run firebase login --reauth

For CI servers and headless environments, generate a new token with firebase login:ci
[debug] [2026-03-18T22:55:47.004Z] Authentication Error: Your credentials are no longer valid. Please run firebase login --reauth

For CI servers and headless environments, generate a new token with firebase login:ci
[debug] [2026-03-18T22:55:47.049Z] FirebaseError: Authentication Error: Your credentials are no longer valid. Please run firebase login --reauth

For CI servers and headless environments, generate a new token with firebase login:ci
    at invalidCredentialError (/home/user/.global_modules/lib/node_modules/firebase-tools/lib/auth.js:167:12)
    at refreshTokens (/home/user/.global_modules/lib/node_modules/firebase-tools/lib/auth.js:591:15)
    at process.processTicksAndRejections (node:internal/process/task_queues:95:5)
    at async getAccessToken (/home/user/.global_modules/lib/node_modules/firebase-tools/lib/apiv2.js:42:18)
    at async Client.addAuthHeader (/home/user/.global_modules/lib/node_modules/firebase-tools/lib/apiv2.js:169:21)
    at async Client.request (/home/user/.global_modules/lib/node_modules/firebase-tools/lib/apiv2.js:120:34)
    at async getProjectPage (/home/user/.global_modules/lib/node_modules/firebase-tools/lib/management/projects.js:279:17)
    at async getFirebaseProjectPage (/home/user/.global_modules/lib/node_modules/firebase-tools/lib/management/projects.js:296:23)
    at async listFirebaseProjects (/home/user/.global_modules/lib/node_modules/firebase-tools/lib/management/projects.js:327:29)
    at async Command.actionFn (/home/user/.global_modules/lib/node_modules/firebase-tools/lib/commands/projects-list.js:51:20)
[error] 
[error] Error: Failed to list Firebase projects. See firebase-debug.log for more info.
